Analysis & Synthesis report for proj_final
Sun Dec 07 19:24:54 2025
Quartus Prime Version 18.1.0 Build 625 09/12/2018 SJ Lite Edition


---------------------
; Table of Contents ;
---------------------
  1. Legal Notice
  2. Analysis & Synthesis Summary
  3. Analysis & Synthesis Settings
  4. Parallel Compilation
  5. Analysis & Synthesis Source Files Read
  6. Analysis & Synthesis Resource Usage Summary
  7. Analysis & Synthesis Resource Utilization by Entity
  8. State Machine - |top_level|game_core:u_game_core|current_state
  9. Registers Removed During Synthesis
 10. General Register Statistics
 11. Inverted Register Statistics
 12. Multiplexer Restructuring Statistics (Restructuring Performed)
 13. Port Connectivity Checks: "game_core:u_game_core|random_op_gen:u_random"
 14. Post-Synthesis Netlist Statistics for Top Partition
 15. Elapsed Time Per Partition
 16. Analysis & Synthesis Messages



----------------
; Legal Notice ;
----------------
Copyright (C) 2018  Intel Corporation. All rights reserved.
Your use of Intel Corporation's design tools, logic functions 
and other software and tools, and its AMPP partner logic 
functions, and any output files from any of the foregoing 
(including device programming or simulation files), and any 
associated documentation or information are expressly subject 
to the terms and conditions of the Intel Program License 
Subscription Agreement, the Intel Quartus Prime License Agreement,
the Intel FPGA IP License Agreement, or other applicable license
agreement, including, without limitation, that your use is for
the sole purpose of programming logic devices manufactured by
Intel and sold by Intel or its authorized distributors.  Please
refer to the applicable agreement for further details.



+----------------------------------------------------------------------------------+
; Analysis & Synthesis Summary                                                     ;
+------------------------------------+---------------------------------------------+
; Analysis & Synthesis Status        ; Successful - Sun Dec 07 19:24:54 2025       ;
; Quartus Prime Version              ; 18.1.0 Build 625 09/12/2018 SJ Lite Edition ;
; Revision Name                      ; proj_final                                  ;
; Top-level Entity Name              ; top_level                                   ;
; Family                             ; MAX 10                                      ;
; Total logic elements               ; 195                                         ;
;     Total combinational functions  ; 190                                         ;
;     Dedicated logic registers      ; 102                                         ;
; Total registers                    ; 102                                         ;
; Total pins                         ; 45                                          ;
; Total virtual pins                 ; 0                                           ;
; Total memory bits                  ; 0                                           ;
; Embedded Multiplier 9-bit elements ; 0                                           ;
; Total PLLs                         ; 0                                           ;
; UFM blocks                         ; 0                                           ;
; ADC blocks                         ; 0                                           ;
+------------------------------------+---------------------------------------------+


+------------------------------------------------------------------------------------------------------------+
; Analysis & Synthesis Settings                                                                              ;
+------------------------------------------------------------------+--------------------+--------------------+
; Option                                                           ; Setting            ; Default Value      ;
+------------------------------------------------------------------+--------------------+--------------------+
; Device                                                           ; 10M50DAF484C7G     ;                    ;
; Top-level entity name                                            ; top_level          ; proj_final         ;
; Family name                                                      ; MAX 10             ; Cyclone V          ;
; Use smart compilation                                            ; Off                ; Off                ;
; Enable parallel Assembler and Timing Analyzer during compilation ; On                 ; On                 ;
; Enable compact report table                                      ; Off                ; Off                ;
; Restructure Multiplexers                                         ; Auto               ; Auto               ;
; Create Debugging Nodes for IP Cores                              ; Off                ; Off                ;
; Preserve fewer node names                                        ; On                 ; On                 ;
; Intel FPGA IP Evaluation Mode                                    ; Enable             ; Enable             ;
; Verilog Version                                                  ; Verilog_2001       ; Verilog_2001       ;
; VHDL Version                                                     ; VHDL_1993          ; VHDL_1993          ;
; State Machine Processing                                         ; Auto               ; Auto               ;
; Safe State Machine                                               ; Off                ; Off                ;
; Extract Verilog State Machines                                   ; On                 ; On                 ;
; Extract VHDL State Machines                                      ; On                 ; On                 ;
; Ignore Verilog initial constructs                                ; Off                ; Off                ;
; Iteration limit for constant Verilog loops                       ; 5000               ; 5000               ;
; Iteration limit for non-constant Verilog loops                   ; 250                ; 250                ;
; Add Pass-Through Logic to Inferred RAMs                          ; On                 ; On                 ;
; Infer RAMs from Raw Logic                                        ; On                 ; On                 ;
; Parallel Synthesis                                               ; On                 ; On                 ;
; DSP Block Balancing                                              ; Auto               ; Auto               ;
; NOT Gate Push-Back                                               ; On                 ; On                 ;
; Power-Up Don't Care                                              ; On                 ; On                 ;
; Remove Redundant Logic Cells                                     ; Off                ; Off                ;
; Remove Duplicate Registers                                       ; On                 ; On                 ;
; Ignore CARRY Buffers                                             ; Off                ; Off                ;
; Ignore CASCADE Buffers                                           ; Off                ; Off                ;
; Ignore GLOBAL Buffers                                            ; Off                ; Off                ;
; Ignore ROW GLOBAL Buffers                                        ; Off                ; Off                ;
; Ignore LCELL Buffers                                             ; Off                ; Off                ;
; Ignore SOFT Buffers                                              ; On                 ; On                 ;
; Limit AHDL Integers to 32 Bits                                   ; Off                ; Off                ;
; Optimization Technique                                           ; Balanced           ; Balanced           ;
; Carry Chain Length                                               ; 70                 ; 70                 ;
; Auto Carry Chains                                                ; On                 ; On                 ;
; Auto Open-Drain Pins                                             ; On                 ; On                 ;
; Perform WYSIWYG Primitive Resynthesis                            ; Off                ; Off                ;
; Auto ROM Replacement                                             ; On                 ; On                 ;
; Auto RAM Replacement                                             ; On                 ; On                 ;
; Auto DSP Block Replacement                                       ; On                 ; On                 ;
; Auto Shift Register Replacement                                  ; Auto               ; Auto               ;
; Allow Shift Register Merging across Hierarchies                  ; Auto               ; Auto               ;
; Auto Clock Enable Replacement                                    ; On                 ; On                 ;
; Strict RAM Replacement                                           ; Off                ; Off                ;
; Allow Synchronous Control Signals                                ; On                 ; On                 ;
; Force Use of Synchronous Clear Signals                           ; Off                ; Off                ;
; Auto RAM Block Balancing                                         ; On                 ; On                 ;
; Auto RAM to Logic Cell Conversion                                ; Off                ; Off                ;
; Auto Resource Sharing                                            ; Off                ; Off                ;
; Allow Any RAM Size For Recognition                               ; Off                ; Off                ;
; Allow Any ROM Size For Recognition                               ; Off                ; Off                ;
; Allow Any Shift Register Size For Recognition                    ; Off                ; Off                ;
; Use LogicLock Constraints during Resource Balancing              ; On                 ; On                 ;
; Ignore translate_off and synthesis_off directives                ; Off                ; Off                ;
; Timing-Driven Synthesis                                          ; On                 ; On                 ;
; Report Parameter Settings                                        ; On                 ; On                 ;
; Report Source Assignments                                        ; On                 ; On                 ;
; Report Connectivity Checks                                       ; On                 ; On                 ;
; Ignore Maximum Fan-Out Assignments                               ; Off                ; Off                ;
; Synchronization Register Chain Length                            ; 2                  ; 2                  ;
; Power Optimization During Synthesis                              ; Normal compilation ; Normal compilation ;
; HDL message level                                                ; Level2             ; Level2             ;
; Suppress Register Optimization Related Messages                  ; Off                ; Off                ;
; Number of Removed Registers Reported in Synthesis Report         ; 5000               ; 5000               ;
; Number of Swept Nodes Reported in Synthesis Report               ; 5000               ; 5000               ;
; Number of Inverted Registers Reported in Synthesis Report        ; 100                ; 100                ;
; Clock MUX Protection                                             ; On                 ; On                 ;
; Auto Gated Clock Conversion                                      ; Off                ; Off                ;
; Block Design Naming                                              ; Auto               ; Auto               ;
; SDC constraint protection                                        ; Off                ; Off                ;
; Synthesis Effort                                                 ; Auto               ; Auto               ;
; Shift Register Replacement - Allow Asynchronous Clear Signal     ; On                 ; On                 ;
; Pre-Mapping Resynthesis Optimization                             ; Off                ; Off                ;
; Analysis & Synthesis Message Level                               ; Medium             ; Medium             ;
; Disable Register Merging Across Hierarchies                      ; Auto               ; Auto               ;
; Resource Aware Inference For Block RAM                           ; On                 ; On                 ;
+------------------------------------------------------------------+--------------------+--------------------+


+------------------------------------------+
; Parallel Compilation                     ;
+----------------------------+-------------+
; Processors                 ; Number      ;
+----------------------------+-------------+
; Number detected on machine ; 16          ;
; Maximum allowed            ; 16          ;
;                            ;             ;
; Average used               ; 1.00        ;
; Maximum used               ; 16          ;
;                            ;             ;
; Usage by Processor         ; % Time Used ;
;     Processor 1            ; 100.0%      ;
;     Processors 2-16        ;   0.0%      ;
+----------------------------+-------------+


+----------------------------------------------------------------------------------------------------------------------------------------------------------------------------------------------------------+
; Analysis & Synthesis Source Files Read                                                                                                                                                                   ;
+----------------------------------+-----------------+-----------------+-------------------------------------------------------------------------------------------------------------------------+---------+
; File Name with User-Entered Path ; Used in Netlist ; File Type       ; File Name with Absolute Path                                                                                            ; Library ;
+----------------------------------+-----------------+-----------------+-------------------------------------------------------------------------------------------------------------------------+---------+
; random_op_gen.vhd                ; yes             ; User VHDL File  ; C:/Users/guilh/Documents/Trabalhos/Felipe_UTFPR/proj_final-20251207T103813Z-3-001/proj_final/random_op_gen.vhd          ;         ;
; verificador.vhd                  ; yes             ; User VHDL File  ; C:/Users/guilh/Documents/Trabalhos/Felipe_UTFPR/proj_final-20251207T103813Z-3-001/proj_final/verificador.vhd            ;         ;
; timer.vhd                        ; yes             ; User VHDL File  ; C:/Users/guilh/Documents/Trabalhos/Felipe_UTFPR/proj_final-20251207T103813Z-3-001/proj_final/timer.vhd                  ;         ;
; score_counter.vhd                ; yes             ; User VHDL File  ; C:/Users/guilh/Documents/Trabalhos/Felipe_UTFPR/proj_final-20251207T103813Z-3-001/proj_final/score_counter.vhd          ;         ;
; hex_to_7seg.vhd                  ; yes             ; User VHDL File  ; C:/Users/guilh/Documents/Trabalhos/Felipe_UTFPR/proj_final-20251207T103813Z-3-001/proj_final/hex_to_7seg.vhd            ;         ;
; operation_display.vhd            ; yes             ; User VHDL File  ; C:/Users/guilh/Documents/Trabalhos/Felipe_UTFPR/proj_final-20251207T103813Z-3-001/proj_final/operation_display.vhd      ;         ;
; output_files/top_level.vhd       ; yes             ; User VHDL File  ; C:/Users/guilh/Documents/Trabalhos/Felipe_UTFPR/proj_final-20251207T103813Z-3-001/proj_final/output_files/top_level.vhd ;         ;
; game_core.vhd                    ; yes             ; User VHDL File  ; C:/Users/guilh/Documents/Trabalhos/Felipe_UTFPR/proj_final-20251207T103813Z-3-001/proj_final/game_core.vhd              ;         ;
; display_manager.vhd              ; yes             ; User VHDL File  ; C:/Users/guilh/Documents/Trabalhos/Felipe_UTFPR/proj_final-20251207T103813Z-3-001/proj_final/display_manager.vhd        ;         ;
+----------------------------------+-----------------+-----------------+-------------------------------------------------------------------------------------------------------------------------+---------+


+---------------------------------------------------------+
; Analysis & Synthesis Resource Usage Summary             ;
+---------------------------------------------+-----------+
; Resource                                    ; Usage     ;
+---------------------------------------------+-----------+
; Estimated Total logic elements              ; 195       ;
;                                             ;           ;
; Total combinational functions               ; 190       ;
; Logic element usage by number of LUT inputs ;           ;
;     -- 4 input functions                    ; 60        ;
;     -- 3 input functions                    ; 29        ;
;     -- <=2 input functions                  ; 101       ;
;                                             ;           ;
; Logic elements by mode                      ;           ;
;     -- normal mode                          ; 129       ;
;     -- arithmetic mode                      ; 61        ;
;                                             ;           ;
; Total registers                             ; 102       ;
;     -- Dedicated logic registers            ; 102       ;
;     -- I/O registers                        ; 0         ;
;                                             ;           ;
; I/O pins                                    ; 45        ;
;                                             ;           ;
; Embedded Multiplier 9-bit elements          ; 0         ;
;                                             ;           ;
; Maximum fan-out node                        ; CLK~input ;
; Maximum fan-out                             ; 102       ;
; Total fan-out                               ; 924       ;
; Average fan-out                             ; 2.42      ;
+---------------------------------------------+-----------+


+-----------------------------------------------------------------------------------------------------------------------------------------------------------------------------------------------------------------------------------------------------------------------------------------------------------+
; Analysis & Synthesis Resource Utilization by Entity                                                                                                                                                                                                                                                       ;
+----------------------------------------+---------------------+---------------------------+-------------+------------+--------------+---------+-----------+------+--------------+------------+--------------------------------------------------------------------------+-------------------+--------------+
; Compilation Hierarchy Node             ; Combinational ALUTs ; Dedicated Logic Registers ; Memory Bits ; UFM Blocks ; DSP Elements ; DSP 9x9 ; DSP 18x18 ; Pins ; Virtual Pins ; ADC blocks ; Full Hierarchy Name                                                      ; Entity Name       ; Library Name ;
+----------------------------------------+---------------------+---------------------------+-------------+------------+--------------+---------+-----------+------+--------------+------------+--------------------------------------------------------------------------+-------------------+--------------+
; |top_level                             ; 190 (0)             ; 102 (0)                   ; 0           ; 0          ; 0            ; 0       ; 0         ; 45   ; 0            ; 0          ; |top_level                                                               ; top_level         ; work         ;
;    |display_manager:u_display_manager| ; 44 (21)             ; 0 (0)                     ; 0           ; 0          ; 0            ; 0       ; 0         ; 0    ; 0            ; 0          ; |top_level|display_manager:u_display_manager                             ; display_manager   ; work         ;
;       |hex_to_7seg:u_hex_a|            ; 7 (7)               ; 0 (0)                     ; 0           ; 0          ; 0            ; 0       ; 0         ; 0    ; 0            ; 0          ; |top_level|display_manager:u_display_manager|hex_to_7seg:u_hex_a         ; hex_to_7seg       ; work         ;
;       |hex_to_7seg:u_hex_b|            ; 7 (7)               ; 0 (0)                     ; 0           ; 0          ; 0            ; 0       ; 0         ; 0    ; 0            ; 0          ; |top_level|display_manager:u_display_manager|hex_to_7seg:u_hex_b         ; hex_to_7seg       ; work         ;
;       |hex_to_7seg:u_hex_score|        ; 7 (7)               ; 0 (0)                     ; 0           ; 0          ; 0            ; 0       ; 0         ; 0    ; 0            ; 0          ; |top_level|display_manager:u_display_manager|hex_to_7seg:u_hex_score     ; hex_to_7seg       ; work         ;
;       |operation_display:u_op_disp|    ; 2 (2)               ; 0 (0)                     ; 0           ; 0          ; 0            ; 0       ; 0         ; 0    ; 0            ; 0          ; |top_level|display_manager:u_display_manager|operation_display:u_op_disp ; operation_display ; work         ;
;    |game_core:u_game_core|             ; 146 (8)             ; 102 (6)                   ; 0           ; 0          ; 0            ; 0       ; 0         ; 0    ; 0            ; 0          ; |top_level|game_core:u_game_core                                         ; game_core         ; work         ;
;       |random_op_gen:u_random|         ; 30 (30)             ; 31 (31)                   ; 0           ; 0          ; 0            ; 0       ; 0         ; 0    ; 0            ; 0          ; |top_level|game_core:u_game_core|random_op_gen:u_random                  ; random_op_gen     ; work         ;
;       |score_counter:u_score|          ; 4 (4)               ; 4 (4)                     ; 0           ; 0          ; 0            ; 0       ; 0         ; 0    ; 0            ; 0          ; |top_level|game_core:u_game_core|score_counter:u_score                   ; score_counter     ; work         ;
;       |timer:u_timer|                  ; 76 (76)             ; 59 (59)                   ; 0           ; 0          ; 0            ; 0       ; 0         ; 0    ; 0            ; 0          ; |top_level|game_core:u_game_core|timer:u_timer                           ; timer             ; work         ;
;       |verificador:u_check|            ; 28 (28)             ; 2 (2)                     ; 0           ; 0          ; 0            ; 0       ; 0         ; 0    ; 0            ; 0          ; |top_level|game_core:u_game_core|verificador:u_check                     ; verificador       ; work         ;
+----------------------------------------+---------------------+---------------------------+-------------+------------+--------------+---------+-----------+------+--------------+------------+--------------------------------------------------------------------------+-------------------+--------------+
Note: For table entries with two numbers listed, the numbers in parentheses indicate the number of resources of the given type used by the specific entity alone. The numbers listed outside of parentheses indicate the total resources of the given type used by the specific entity and all of its sub-entities in the hierarchy.


Encoding Type:  One-Hot
+------------------------------------------------------------------------------------------------+
; State Machine - |top_level|game_core:u_game_core|current_state                                 ;
+-------------------------+-------------------------+-----------------------+--------------------+
; Name                    ; current_state.GAME_OVER ; current_state.PLAYING ; current_state.IDLE ;
+-------------------------+-------------------------+-----------------------+--------------------+
; current_state.IDLE      ; 0                       ; 0                     ; 0                  ;
; current_state.PLAYING   ; 0                       ; 1                     ; 1                  ;
; current_state.GAME_OVER ; 1                       ; 0                     ; 1                  ;
+-------------------------+-------------------------+-----------------------+--------------------+


+------------------------------------------------------------------------+
; Registers Removed During Synthesis                                     ;
+---------------------------------------------------+--------------------+
; Register name                                     ; Reason for Removal ;
+---------------------------------------------------+--------------------+
; game_core:u_game_core|current_state.GAME_OVER     ; Lost fanout        ;
; game_core:u_game_core|timer:u_timer|blink_cnt[25] ; Lost fanout        ;
; Total Number of Removed Registers = 2             ;                    ;
+---------------------------------------------------+--------------------+


+------------------------------------------------------+
; General Register Statistics                          ;
+----------------------------------------------+-------+
; Statistic                                    ; Value ;
+----------------------------------------------+-------+
; Total registers                              ; 102   ;
; Number of registers using Synchronous Clear  ; 61    ;
; Number of registers using Synchronous Load   ; 0     ;
; Number of registers using Asynchronous Clear ; 0     ;
; Number of registers using Asynchronous Load  ; 0     ;
; Number of registers using Clock Enable       ; 68    ;
; Number of registers using Preset             ; 0     ;
+----------------------------------------------+-------+


+-------------------------------------------------------------------+
; Inverted Register Statistics                                      ;
+---------------------------------------------------------+---------+
; Inverted Register                                       ; Fan out ;
+---------------------------------------------------------+---------+
; game_core:u_game_core|random_op_gen:u_random|lfsr_b[3]  ; 5       ;
; game_core:u_game_core|random_op_gen:u_random|lfsr_op[0] ; 4       ;
; game_core:u_game_core|random_op_gen:u_random|lfsr_op[2] ; 4       ;
; game_core:u_game_core|random_op_gen:u_random|lfsr_a[2]  ; 5       ;
; game_core:u_game_core|random_op_gen:u_random|lfsr_a[0]  ; 4       ;
; game_core:u_game_core|random_op_gen:u_random|lfsr_b[0]  ; 4       ;
; game_core:u_game_core|random_op_gen:u_random|lfsr_b[1]  ; 4       ;
; game_core:u_game_core|random_op_gen:u_random|lfsr_a[7]  ; 1       ;
; game_core:u_game_core|random_op_gen:u_random|lfsr_b[7]  ; 1       ;
; game_core:u_game_core|random_op_gen:u_random|lfsr_b[6]  ; 1       ;
; game_core:u_game_core|random_op_gen:u_random|lfsr_a[5]  ; 1       ;
; Total number of inverted registers = 11                 ;         ;
+---------------------------------------------------------+---------+


+----------------------------------------------------------------------------------------------------------------------------------------------------------------------------+
; Multiplexer Restructuring Statistics (Restructuring Performed)                                                                                                             ;
+--------------------+-----------+---------------+----------------------+------------------------+------------+--------------------------------------------------------------+
; Multiplexer Inputs ; Bus Width ; Baseline Area ; Area if Restructured ; Saving if Restructured ; Registered ; Example Multiplexer Output                                   ;
+--------------------+-----------+---------------+----------------------+------------------------+------------+--------------------------------------------------------------+
; 3:1                ; 27 bits   ; 54 LEs        ; 27 LEs               ; 27 LEs                 ; Yes        ; |top_level|game_core:u_game_core|timer:u_timer|blink_cnt[11] ;
; 3:1                ; 6 bits    ; 12 LEs        ; 6 LEs                ; 6 LEs                  ; Yes        ; |top_level|game_core:u_game_core|timer:u_timer|seconds[5]    ;
; 4:1                ; 2 bits    ; 4 LEs         ; 4 LEs                ; 0 LEs                  ; Yes        ; |top_level|game_core:u_game_core|verificador:u_check|correct ;
; 4:1                ; 26 bits   ; 52 LEs        ; 26 LEs               ; 26 LEs                 ; Yes        ; |top_level|game_core:u_game_core|timer:u_timer|ticks[18]     ;
; 8:1                ; 3 bits    ; 15 LEs        ; 6 LEs                ; 9 LEs                  ; No         ; |top_level|game_core:u_game_core|verificador:u_check|Mux2    ;
+--------------------+-----------+---------------+----------------------+------------------------+------------+--------------------------------------------------------------+


+------------------------------------------------------------------------------------------------------------------+
; Port Connectivity Checks: "game_core:u_game_core|random_op_gen:u_random"                                         ;
+--------+--------+----------+-------------------------------------------------------------------------------------+
; Port   ; Type   ; Severity ; Details                                                                             ;
+--------+--------+----------+-------------------------------------------------------------------------------------+
; rst    ; Input  ; Info     ; Stuck at GND                                                                        ;
; active ; Output ; Info     ; Connected to dangling logic. Logic that only feeds a dangling port will be removed. ;
+--------+--------+----------+-------------------------------------------------------------------------------------+


+-----------------------------------------------------+
; Post-Synthesis Netlist Statistics for Top Partition ;
+-----------------------+-----------------------------+
; Type                  ; Count                       ;
+-----------------------+-----------------------------+
; boundary_port         ; 45                          ;
; cycloneiii_ff         ; 102                         ;
;     ENA               ; 11                          ;
;     ENA SCLR          ; 57                          ;
;     SCLR              ; 4                           ;
;     plain             ; 30                          ;
; cycloneiii_lcell_comb ; 193                         ;
;     arith             ; 61                          ;
;         2 data inputs ; 57                          ;
;         3 data inputs ; 4                           ;
;     normal            ; 132                         ;
;         0 data inputs ; 1                           ;
;         1 data inputs ; 20                          ;
;         2 data inputs ; 26                          ;
;         3 data inputs ; 25                          ;
;         4 data inputs ; 60                          ;
;                       ;                             ;
; Max LUT depth         ; 6.00                        ;
; Average LUT depth     ; 2.79                        ;
+-----------------------+-----------------------------+


+-------------------------------+
; Elapsed Time Per Partition    ;
+----------------+--------------+
; Partition Name ; Elapsed Time ;
+----------------+--------------+
; Top            ; 00:00:00     ;
+----------------+--------------+


+-------------------------------+
; Analysis & Synthesis Messages ;
+-------------------------------+
Info: *******************************************************************
Info: Running Quartus Prime Analysis & Synthesis
    Info: Version 18.1.0 Build 625 09/12/2018 SJ Lite Edition
    Info: Processing started: Sun Dec 07 19:24:42 2025
Info: Command: quartus_map --read_settings_files=on --write_settings_files=off proj_final -c proj_final
Warning (18236): Number of processors has not been specified which may cause overloading on shared machines.  Set the global assignment NUM_PARALLEL_PROCESSORS in your QSF to an appropriate value for best performance.
Info (20030): Parallel compilation is enabled and will use 16 of the 16 processors detected
Info (12021): Found 2 design units, including 1 entities, in source file random_op_gen.vhd
    Info (12022): Found design unit 1: random_op_gen-Behavioral File: C:/Users/guilh/Documents/Trabalhos/Felipe_UTFPR/proj_final-20251207T103813Z-3-001/proj_final/random_op_gen.vhd Line: 18
    Info (12023): Found entity 1: random_op_gen File: C:/Users/guilh/Documents/Trabalhos/Felipe_UTFPR/proj_final-20251207T103813Z-3-001/proj_final/random_op_gen.vhd Line: 5
Info (12021): Found 2 design units, including 1 entities, in source file verificador.vhd
    Info (12022): Found design unit 1: verificador-Behavioral File: C:/Users/guilh/Documents/Trabalhos/Felipe_UTFPR/proj_final-20251207T103813Z-3-001/proj_final/verificador.vhd Line: 19
    Info (12023): Found entity 1: verificador File: C:/Users/guilh/Documents/Trabalhos/Felipe_UTFPR/proj_final-20251207T103813Z-3-001/proj_final/verificador.vhd Line: 5
Info (12021): Found 2 design units, including 1 entities, in source file pipo_user.vhd
    Info (12022): Found design unit 1: pipo_user-Behavioral File: C:/Users/guilh/Documents/Trabalhos/Felipe_UTFPR/proj_final-20251207T103813Z-3-001/proj_final/pipo_user.vhd Line: 14
    Info (12023): Found entity 1: pipo_user File: C:/Users/guilh/Documents/Trabalhos/Felipe_UTFPR/proj_final-20251207T103813Z-3-001/proj_final/pipo_user.vhd Line: 4
Info (12021): Found 2 design units, including 1 entities, in source file timer.vhd
    Info (12022): Found design unit 1: timer-Behavioral File: C:/Users/guilh/Documents/Trabalhos/Felipe_UTFPR/proj_final-20251207T103813Z-3-001/proj_final/timer.vhd Line: 16
    Info (12023): Found entity 1: timer File: C:/Users/guilh/Documents/Trabalhos/Felipe_UTFPR/proj_final-20251207T103813Z-3-001/proj_final/timer.vhd Line: 5
Warning (12019): Can't analyze file -- file bloco8.vhd is missing
Info (12021): Found 1 design units, including 1 entities, in source file proj_final.bdf
    Info (12023): Found entity 1: proj_final
Info (12021): Found 2 design units, including 1 entities, in source file score_counter.vhd
    Info (12022): Found design unit 1: score_counter-Behavioral File: C:/Users/guilh/Documents/Trabalhos/Felipe_UTFPR/proj_final-20251207T103813Z-3-001/proj_final/score_counter.vhd Line: 14
    Info (12023): Found entity 1: score_counter File: C:/Users/guilh/Documents/Trabalhos/Felipe_UTFPR/proj_final-20251207T103813Z-3-001/proj_final/score_counter.vhd Line: 5
Info (12021): Found 2 design units, including 1 entities, in source file hex_to_7seg.vhd
    Info (12022): Found design unit 1: hex_to_7seg-Behavioral File: C:/Users/guilh/Documents/Trabalhos/Felipe_UTFPR/proj_final-20251207T103813Z-3-001/proj_final/hex_to_7seg.vhd Line: 11
    Info (12023): Found entity 1: hex_to_7seg File: C:/Users/guilh/Documents/Trabalhos/Felipe_UTFPR/proj_final-20251207T103813Z-3-001/proj_final/hex_to_7seg.vhd Line: 4
Info (12021): Found 2 design units, including 1 entities, in source file operation_display.vhd
    Info (12022): Found design unit 1: operation_display-Behavioral File: C:/Users/guilh/Documents/Trabalhos/Felipe_UTFPR/proj_final-20251207T103813Z-3-001/proj_final/operation_display.vhd Line: 12
    Info (12023): Found entity 1: operation_display File: C:/Users/guilh/Documents/Trabalhos/Felipe_UTFPR/proj_final-20251207T103813Z-3-001/proj_final/operation_display.vhd Line: 4
Info (12021): Found 2 design units, including 1 entities, in source file output_files/top_level.vhd
    Info (12022): Found design unit 1: top_level-Behavioral File: C:/Users/guilh/Documents/Trabalhos/Felipe_UTFPR/proj_final-20251207T103813Z-3-001/proj_final/output_files/top_level.vhd Line: 17
    Info (12023): Found entity 1: top_level File: C:/Users/guilh/Documents/Trabalhos/Felipe_UTFPR/proj_final-20251207T103813Z-3-001/proj_final/output_files/top_level.vhd Line: 4
Info (12021): Found 2 design units, including 1 entities, in source file game_core.vhd
    Info (12022): Found design unit 1: game_core-Behavioral File: C:/Users/guilh/Documents/Trabalhos/Felipe_UTFPR/proj_final-20251207T103813Z-3-001/proj_final/game_core.vhd Line: 25
    Info (12023): Found entity 1: game_core File: C:/Users/guilh/Documents/Trabalhos/Felipe_UTFPR/proj_final-20251207T103813Z-3-001/proj_final/game_core.vhd Line: 5
Info (12021): Found 2 design units, including 1 entities, in source file display_manager.vhd
    Info (12022): Found design unit 1: display_manager-Behavioral File: C:/Users/guilh/Documents/Trabalhos/Felipe_UTFPR/proj_final-20251207T103813Z-3-001/proj_final/display_manager.vhd Line: 24
    Info (12023): Found entity 1: display_manager File: C:/Users/guilh/Documents/Trabalhos/Felipe_UTFPR/proj_final-20251207T103813Z-3-001/proj_final/display_manager.vhd Line: 4
Info (12127): Elaborating entity "top_level" for the top level hierarchy
Info (12128): Elaborating entity "game_core" for hierarchy "game_core:u_game_core" File: C:/Users/guilh/Documents/Trabalhos/Felipe_UTFPR/proj_final-20251207T103813Z-3-001/proj_final/output_files/top_level.vhd Line: 30
Info (12128): Elaborating entity "random_op_gen" for hierarchy "game_core:u_game_core|random_op_gen:u_random" File: C:/Users/guilh/Documents/Trabalhos/Felipe_UTFPR/proj_final-20251207T103813Z-3-001/proj_final/game_core.vhd Line: 89
Info (12128): Elaborating entity "timer" for hierarchy "game_core:u_game_core|timer:u_timer" File: C:/Users/guilh/Documents/Trabalhos/Felipe_UTFPR/proj_final-20251207T103813Z-3-001/proj_final/game_core.vhd Line: 97
Info (12128): Elaborating entity "verificador" for hierarchy "game_core:u_game_core|verificador:u_check" File: C:/Users/guilh/Documents/Trabalhos/Felipe_UTFPR/proj_final-20251207T103813Z-3-001/proj_final/game_core.vhd Line: 103
Info (12128): Elaborating entity "score_counter" for hierarchy "game_core:u_game_core|score_counter:u_score" File: C:/Users/guilh/Documents/Trabalhos/Felipe_UTFPR/proj_final-20251207T103813Z-3-001/proj_final/game_core.vhd Line: 111
Info (12128): Elaborating entity "display_manager" for hierarchy "display_manager:u_display_manager" File: C:/Users/guilh/Documents/Trabalhos/Felipe_UTFPR/proj_final-20251207T103813Z-3-001/proj_final/output_files/top_level.vhd Line: 53
Info (12128): Elaborating entity "hex_to_7seg" for hierarchy "display_manager:u_display_manager|hex_to_7seg:u_hex_a" File: C:/Users/guilh/Documents/Trabalhos/Felipe_UTFPR/proj_final-20251207T103813Z-3-001/proj_final/display_manager.vhd Line: 32
Info (12128): Elaborating entity "operation_display" for hierarchy "display_manager:u_display_manager|operation_display:u_op_disp" File: C:/Users/guilh/Documents/Trabalhos/Felipe_UTFPR/proj_final-20251207T103813Z-3-001/proj_final/display_manager.vhd Line: 41
Warning (13024): Output pins are stuck at VCC or GND
    Warning (13410): Pin "HEX2_SEG[6]" is stuck at VCC File: C:/Users/guilh/Documents/Trabalhos/Felipe_UTFPR/proj_final-20251207T103813Z-3-001/proj_final/output_files/top_level.vhd Line: 12
Info (286030): Timing-Driven Synthesis is running
Info (17049): 2 registers lost all their fanouts during netlist optimizations.
Info (16010): Generating hard_block partition "hard_block:auto_generated_inst"
    Info (16011): Adding 0 node(s), including 0 DDIO, 0 PLL, 0 transceiver and 0 LCELL
Info (21057): Implemented 241 device resources after synthesis - the final resource count might be different
    Info (21058): Implemented 9 input pins
    Info (21059): Implemented 36 output pins
    Info (21061): Implemented 196 logic cells
Info: Quartus Prime Analysis & Synthesis was successful. 0 errors, 4 warnings
    Info: Peak virtual memory: 4858 megabytes
    Info: Processing ended: Sun Dec 07 19:24:54 2025
    Info: Elapsed time: 00:00:12
    Info: Total CPU time (on all processors): 00:00:26


